14:08:13,358: >>> edu.usu.wr.cloudutils.BlobStoreUtil.getBlobStore (Execution time: 0)
14:08:15,660: >>> edu.usu.wr.cloudutils.BlobStoreUtil.createContainer (Execution time: 2296)
14:08:16,431: >>> edu.usu.wr.cloudutils.BlobStoreUtil.pushBlob (Execution time: 657)
14:08:19,547: >>> edu.usu.wr.cloudutils.BlobStoreUtil.getBlobStream (Execution time: 118)
14:08:26,524: >>> edu.usu.wr.cloudutils.BlobStoreUtil.blobExists (Execution time: 240)
14:08:26,614: >>> edu.usu.wr.cloudutils.BlobStoreUtil.getBlobStream (Execution time: 90)
14:08:27,707: >>> edu.usu.wr.cloudutils.BlobStoreUtil.getBlobStore (Execution time: 0)
14:08:27,844: >>> edu.usu.wr.cloudutils.BlobStoreUtil.createContainer (Execution time: 137)
14:08:28,228: >>> edu.usu.wr.cloudutils.BlobStoreUtil.pushBlob (Execution time: 376)
14:08:28,385: >>> edu.usu.wr.cloudutils.BlobStoreUtil.pushBlob (Execution time: 155)
14:08:28,613: >>> edu.usu.wr.cloudutils.BlobStoreUtil.pushBlob (Execution time: 226)
14:08:28,748: >>> edu.usu.wr.cloudutils.BlobStoreUtil.pushBlob (Execution time: 132)
14:08:29,028: >>> edu.usu.wr.cloudutils.BlobStoreUtil.getBlobStore (Execution time: 0)
14:08:29,263: >>> edu.usu.wr.cloudutils.BlobStoreUtil.listBlobNamesInDirectory (Execution time: 235)
14:08:29,331: >>> edu.usu.wr.cloudutils.BlobStoreUtil.getBlobStream (Execution time: 68)
14:08:29,398: >>> edu.usu.wr.cloudutils.BlobStoreUtil.getBlobStream (Execution time: 64)
14:08:29,472: >>> edu.usu.wr.cloudutils.BlobStoreUtil.getBlobStream (Execution time: 71)
14:08:29,540: >>> edu.usu.wr.cloudutils.BlobStoreUtil.getBlobStream (Execution time: 66)
14:08:29,608: >>> edu.usu.wr.cloudutils.BlobStoreUtil.getBlobStream (Execution time: 66)
14:08:29,675: >>> edu.usu.wr.cloudutils.BlobStoreUtil.createContainer (Execution time: 57)
14:08:29,952: >>> edu.usu.wr.cloudutils.BlobStoreUtil.pushBlob (Execution time: 276)
